[2024-05-28 19:45:51.510] [info] Using configuration file /home/agge/.config/waybar/config
[2024-05-28 19:45:51.527] [info] Unable to receive desktop appearance: GDBus.Error:org.freedesktop.DBus.Error.UnknownMethod: No such interface “org.freedesktop.portal.Settings” on object at path /org/freedesktop/portal/desktop
[2024-05-28 19:45:51.527] [info] Using CSS file /home/agge/.config/waybar/style.css

(waybar:929): Gtk-WARNING **: 19:45:51.527: Theme parsing error: style.css:327:17: Not using units is deprecated. Assuming 'px'.
[2024-05-28 19:45:51.548] [info] Hyprland IPC starting
[2024-05-28 19:45:51.550] [info] Loading persistent workspaces from Waybar config
[2024-05-28 19:45:51.550] [info] Loading persistent workspaces from Hyprland workspace rules
[2024-05-28 19:45:51.595] [info] Loading persistent workspaces from Waybar config
[2024-05-28 19:45:51.596] [info] Loading persistent workspaces from Hyprland workspace rules
[2024-05-28 19:45:51.603] [warning] Waybar has been built without rfkill support.
[2024-05-28 19:45:51.841] [warning] Requested height: 20 is less than the minimum height: 27 required by the modules
[2024-05-28 19:45:51.841] [info] Bar configured (width: 1920, height: 27) for output: HDMI-A-1
[2024-05-28 19:45:51.841] [info] Bar configured (width: 2560, height: 35) for output: DP-2
[2024-05-28 19:53:01.988] [error] Hyprland IPC: Couldn't write (4)
terminate called after throwing an instance of 'std::runtime_error'
  what():  Error parsing JSON: * Line 1, Column 1
  Syntax error: value, object or array expected.

[LOG] Welcome to hyprpaper!
built from commit  ()
[LOG] Cleaned old hyprpaper preloads (6), removing 69.1MB
[LOG] Preloaded target /home/agge/wallpaper/amd-minimal-logo-3840x2160-10739.png in 59.18ms -> Pixel size: [3840, 2160]
[LOG] Buffer created for target /home/agge/wallpaper/amd-minimal-logo-3840x2160-10739.png, Shared Memory usage: 8.3MB
[LOG] Buffer created for target /home/agge/wallpaper/amd-minimal-logo-3840x2160-10739.png, Shared Memory usage: 14.7MB
[LOG] Total SM usage for all buffers: 23.0MB
[LOG] hyprpaper socket started at /run/user/1000/hypr/4520b30d498daca8079365bdb909a8dea38e8d55_1730998795_1812640572/.hyprpaper.sock (fd: 6)
[LOG] configure for DP-1
[LOG] handlePreferredScale: 1.00 for 559a017ba2e0
[LOG] configure for DP-1
[LOG] Image data for DP-1: /home/agge/wallpaper/amd-minimal-logo-3840x2160-10739.png at [-0.00, 0.00], scale: 0.50 (original image size: [3840, 2160])
[LOG] Submitting viewport dest size 1920x1080 for 17ba2e0
[LOG] configure for DP-2
[LOG] handlePreferredScale: 1.00 for 559a017b4e70
[LOG] configure for DP-2
[LOG] configure for HDMI-A-1
[LOG] handlePreferredScale: 1.00 for 559a017bb100
[LOG] configure for HDMI-A-1
[LOG] Image data for DP-2: /home/agge/wallpaper/amd-minimal-logo-3840x2160-10739.png at [-0.00, 0.00], scale: 0.67 (original image size: [3840, 2160])
[LOG] Submitting viewport dest size 2560x1440 for 17b4e70
[LOG] Image data for HDMI-A-1: /home/agge/wallpaper/amd-minimal-logo-3840x2160-10739.png at [-0.00, 0.00], scale: 0.50 (original image size: [3840, 2160])
[LOG] Submitting viewport dest size 1920x1080 for 17bb100
[LOG] handlePreferredScale: 1.00 for 559a017ba2e0
[LOG] handlePreferredScale: 1.00 for 559a017b4e70
[LOG] handlePreferredScale: 1.00 for 559a017bb100
[LOG] Destroying output DP-2
[LOG] configure for DP-2
[LOG] handlePreferredScale: 1.00 for 559a017b4e70
[LOG] configure for DP-2
[LOG] Image data for DP-2: /home/agge/wallpaper/amd-minimal-logo-3840x2160-10739.png at [-0.00, 0.00], scale: 0.67 (original image size: [3840, 2160])
[LOG] Submitting viewport dest size 2560x1440 for 17b4e70
[LOG] handlePreferredScale: 1.00 for 559a017b4e70
[LOG] Destroying output DP-2
[LOG] configure for DP-2
[LOG] handlePreferredScale: 1.00 for 559a017e49b0
[LOG] configure for DP-2
[LOG] Image data for DP-2: /home/agge/wallpaper/amd-minimal-logo-3840x2160-10739.png at [-0.00, 0.00], scale: 0.67 (original image size: [3840, 2160])
[LOG] Submitting viewport dest size 2560x1440 for 17e49b0
[LOG] handlePreferredScale: 1.00 for 559a017e49b0
[LOG] Destroying output DP-2
