[2024-02-29 01:56:16.064][verbose] Chromium sandbox is enabled
[2024-02-29 01:56:16.064][info] Running version 2023.6
[2024-02-29 01:56:16.064][verbose] Creating gui-settings file and writing the default settings to it
[2024-02-29 01:56:16.217][info] Detected locale: en-US
[2024-02-29 01:56:16.867][error] Failed to check autostart file: ENOENT: no such file or directory, access '/home/agge/.config/autostart/mullvad-vpn.desktop'
[2024-02-29 01:56:26.220][error] Failed to connect to daemon: Failed to connect before the deadline
[2024-02-29 01:56:26.220][error] Unable to connect to daemon: Failed to connect before the deadline
[2024-02-29 01:56:39.223][error] Failed to connect to daemon: Failed to connect before the deadline
[2024-02-29 01:56:39.223][error] Failed to reconnect - Error: Failed to connect before the deadline
[2024-02-29 01:56:52.226][error] Failed to connect to daemon: Failed to connect before the deadline
[2024-02-29 01:56:52.226][error] Failed to reconnect - Error: Failed to connect before the deadline
[2024-02-29 01:57:05.230][error] Failed to connect to daemon: Failed to connect before the deadline
[2024-02-29 01:57:05.230][error] Failed to reconnect - Error: Failed to connect before the deadline
[2024-02-29 01:57:18.232][error] Failed to connect to daemon: Failed to connect before the deadline
[2024-02-29 01:57:18.232][error] Failed to reconnect - Error: Failed to connect before the deadline
[2024-02-29 01:57:31.233][error] Failed to connect to daemon: Failed to connect before the deadline
[2024-02-29 01:57:31.234][error] Failed to reconnect - Error: Failed to connect before the deadline
[2024-02-29 01:57:44.236][error] Failed to connect to daemon: Failed to connect before the deadline
[2024-02-29 01:57:44.236][error] Failed to reconnect - Error: Failed to connect before the deadline
[2024-02-29 01:57:57.238][error] Failed to connect to daemon: Failed to connect before the deadline
[2024-02-29 01:57:57.238][error] Failed to reconnect - Error: Failed to connect before the deadline
[2024-02-29 01:58:10.238][error] Failed to connect to daemon: Failed to connect before the deadline
[2024-02-29 01:58:10.238][error] Failed to reconnect - Error: Failed to connect before the deadline
[2024-02-29 01:58:23.238][error] Failed to connect to daemon: Failed to connect before the deadline
[2024-02-29 01:58:23.238][error] Failed to reconnect - Error: Failed to connect before the deadline
[2024-02-29 01:58:36.240][error] Failed to connect to daemon: Failed to connect before the deadline
[2024-02-29 01:58:36.240][error] Failed to reconnect - Error: Failed to connect before the deadline
[2024-02-29 01:58:49.242][error] Failed to connect to daemon: Failed to connect before the deadline
[2024-02-29 01:58:49.243][error] Failed to reconnect - Error: Failed to connect before the deadline
[2024-02-29 01:59:02.245][error] Failed to connect to daemon: Failed to connect before the deadline
[2024-02-29 01:59:02.245][error] Failed to reconnect - Error: Failed to connect before the deadline
[2024-02-29 01:59:13.400][info] Connected to the daemon
[2024-02-29 01:59:13.451][info] Skip autoconnect because account token is not set
[2024-02-29 02:59:13.406][verbose] GRPC Channel connectivity state changed to 2
[2024-02-29 03:59:13.407][verbose] GRPC Channel connectivity state changed to 2
[2024-02-29 04:59:13.409][verbose] GRPC Channel connectivity state changed to 2
[2024-02-29 05:59:13.414][verbose] GRPC Channel connectivity state changed to 2
[2024-02-29 06:59:13.415][verbose] GRPC Channel connectivity state changed to 2
[2024-02-29 07:59:13.423][verbose] GRPC Channel connectivity state changed to 2
[2024-02-29 08:59:13.428][verbose] GRPC Channel connectivity state changed to 2
[2024-02-29 09:59:13.431][verbose] GRPC Channel connectivity state changed to 2
[2024-02-29 10:59:13.436][verbose] GRPC Channel connectivity state changed to 2
[2024-02-29 11:59:13.440][verbose] GRPC Channel connectivity state changed to 2
[2024-02-29 12:59:13.441][verbose] GRPC Channel connectivity state changed to 2
[2024-02-29 13:59:13.450][verbose] GRPC Channel connectivity state changed to 2
[2024-02-29 14:59:13.456][verbose] GRPC Channel connectivity state changed to 2
[2024-02-29 15:59:13.458][verbose] GRPC Channel connectivity state changed to 2
[2024-02-29 16:59:13.465][verbose] GRPC Channel connectivity state changed to 2
[2024-02-29 17:59:13.467][verbose] GRPC Channel connectivity state changed to 2
[2024-02-29 18:59:13.469][verbose] GRPC Channel connectivity state changed to 2
[2024-02-29 19:59:13.476][verbose] GRPC Channel connectivity state changed to 2
[2024-02-29 20:59:13.482][verbose] GRPC Channel connectivity state changed to 2
[2024-02-29 21:59:13.484][verbose] GRPC Channel connectivity state changed to 2
[2024-02-29 22:59:13.490][verbose] GRPC Channel connectivity state changed to 2
[2024-02-29 23:59:13.492][verbose] GRPC Channel connectivity state changed to 2
[2024-03-01 00:59:13.494][verbose] GRPC Channel connectivity state changed to 2
[2024-03-01 01:59:13.502][verbose] GRPC Channel connectivity state changed to 2
[2024-03-01 02:59:13.508][verbose] GRPC Channel connectivity state changed to 2
[2024-03-01 03:59:13.511][verbose] GRPC Channel connectivity state changed to 2
[2024-03-01 04:59:13.516][verbose] GRPC Channel connectivity state changed to 2
[2024-03-01 05:59:13.517][verbose] GRPC Channel connectivity state changed to 2
[2024-03-01 06:59:13.518][verbose] GRPC Channel connectivity state changed to 2
[2024-03-01 07:59:13.527][verbose] GRPC Channel connectivity state changed to 2
[2024-03-01 08:59:13.532][verbose] GRPC Channel connectivity state changed to 2
[2024-03-01 09:59:13.533][verbose] GRPC Channel connectivity state changed to 2
[2024-03-01 10:59:13.542][verbose] GRPC Channel connectivity state changed to 2
[2024-03-01 11:59:13.547][verbose] GRPC Channel connectivity state changed to 2
[2024-03-01 12:59:13.549][verbose] GRPC Channel connectivity state changed to 2
[2024-03-01 13:59:13.558][verbose] GRPC Channel connectivity state changed to 2
[2024-03-01 14:59:13.563][verbose] GRPC Channel connectivity state changed to 2
[2024-03-01 15:59:13.566][verbose] GRPC Channel connectivity state changed to 2
[2024-03-01 16:59:13.574][verbose] GRPC Channel connectivity state changed to 2
[2024-03-01 17:59:13.579][verbose] GRPC Channel connectivity state changed to 2
[2024-03-01 18:59:13.581][verbose] GRPC Channel connectivity state changed to 2
[2024-03-01 19:59:13.582][verbose] GRPC Channel connectivity state changed to 2
[2024-03-01 20:59:13.586][verbose] GRPC Channel connectivity state changed to 2
[2024-03-01 21:59:13.588][verbose] GRPC Channel connectivity state changed to 2
[2024-03-01 22:59:13.594][verbose] GRPC Channel connectivity state changed to 2
[2024-03-01 23:59:13.597][verbose] GRPC Channel connectivity state changed to 2
[2024-03-02 00:59:13.600][verbose] GRPC Channel connectivity state changed to 2
[2024-03-02 01:59:13.608][verbose] GRPC Channel connectivity state changed to 2
[2024-03-02 02:59:13.614][verbose] GRPC Channel connectivity state changed to 2
[2024-03-02 03:59:13.617][verbose] GRPC Channel connectivity state changed to 2
[2024-03-02 04:59:13.623][verbose] GRPC Channel connectivity state changed to 2
[2024-03-02 05:59:13.628][verbose] GRPC Channel connectivity state changed to 2
[2024-03-02 06:59:13.631][verbose] GRPC Channel connectivity state changed to 2
[2024-03-02 07:59:13.638][verbose] GRPC Channel connectivity state changed to 2
[2024-03-02 08:59:13.643][verbose] GRPC Channel connectivity state changed to 2
[2024-03-02 09:59:13.644][verbose] GRPC Channel connectivity state changed to 2
[2024-03-02 10:59:13.652][verbose] GRPC Channel connectivity state changed to 2
[2024-03-02 11:59:13.656][verbose] GRPC Channel connectivity state changed to 2
[2024-03-02 12:59:13.658][verbose] GRPC Channel connectivity state changed to 2
[2024-03-02 13:59:13.666][verbose] GRPC Channel connectivity state changed to 2
[2024-03-02 14:59:13.672][verbose] GRPC Channel connectivity state changed to 2
[2024-03-02 15:59:13.673][verbose] GRPC Channel connectivity state changed to 2
[2024-03-02 16:59:13.682][verbose] GRPC Channel connectivity state changed to 2
[2024-03-02 17:59:13.687][verbose] GRPC Channel connectivity state changed to 2
[2024-03-02 18:59:13.688][verbose] GRPC Channel connectivity state changed to 2
[2024-03-02 19:59:13.696][verbose] GRPC Channel connectivity state changed to 2
[2024-03-02 20:59:13.700][verbose] GRPC Channel connectivity state changed to 2
[2024-03-02 21:59:13.702][verbose] GRPC Channel connectivity state changed to 2
[2024-03-02 22:59:13.707][verbose] GRPC Channel connectivity state changed to 2
[2024-03-02 23:59:13.713][verbose] GRPC Channel connectivity state changed to 2
[2024-03-03 00:59:13.714][verbose] GRPC Channel connectivity state changed to 2
[2024-03-03 01:59:13.721][verbose] GRPC Channel connectivity state changed to 2
[2024-03-03 02:59:13.723][verbose] GRPC Channel connectivity state changed to 2
[2024-03-03 03:59:13.725][verbose] GRPC Channel connectivity state changed to 2
[2024-03-03 04:59:13.730][verbose] GRPC Channel connectivity state changed to 2
[2024-03-03 05:59:13.735][verbose] GRPC Channel connectivity state changed to 2
[2024-03-03 06:59:13.737][verbose] GRPC Channel connectivity state changed to 2
[2024-03-03 07:59:13.745][verbose] GRPC Channel connectivity state changed to 2
[2024-03-03 08:59:13.751][verbose] GRPC Channel connectivity state changed to 2
[2024-03-03 09:59:13.754][verbose] GRPC Channel connectivity state changed to 2
[2024-03-03 10:59:13.763][verbose] GRPC Channel connectivity state changed to 2
[2024-03-03 11:59:13.768][verbose] GRPC Channel connectivity state changed to 2
[2024-03-03 12:59:13.769][verbose] GRPC Channel connectivity state changed to 2
[2024-03-03 13:59:13.778][verbose] GRPC Channel connectivity state changed to 2
[2024-03-03 14:59:13.784][verbose] GRPC Channel connectivity state changed to 2
[2024-03-03 15:59:13.785][verbose] GRPC Channel connectivity state changed to 2
[2024-03-03 16:59:13.788][verbose] GRPC Channel connectivity state changed to 2
[2024-03-03 17:59:13.791][verbose] GRPC Channel connectivity state changed to 2
[2024-03-03 18:59:13.792][verbose] GRPC Channel connectivity state changed to 2
[2024-03-03 19:59:13.798][verbose] GRPC Channel connectivity state changed to 2
[2024-03-03 20:59:13.800][verbose] GRPC Channel connectivity state changed to 2
[2024-03-03 21:59:13.802][verbose] GRPC Channel connectivity state changed to 2
[2024-03-03 22:59:13.810][verbose] GRPC Channel connectivity state changed to 2
[2024-03-03 23:59:13.815][verbose] GRPC Channel connectivity state changed to 2
[2024-03-04 00:59:13.817][verbose] GRPC Channel connectivity state changed to 2
[2024-03-04 01:59:13.825][verbose] GRPC Channel connectivity state changed to 2
[2024-03-04 02:59:13.830][verbose] GRPC Channel connectivity state changed to 2
[2024-03-04 03:59:13.833][verbose] GRPC Channel connectivity state changed to 2
[2024-03-04 04:59:13.838][verbose] GRPC Channel connectivity state changed to 2
[2024-03-04 05:59:13.843][verbose] GRPC Channel connectivity state changed to 2
[2024-03-04 06:59:13.845][verbose] GRPC Channel connectivity state changed to 2
[2024-03-04 07:59:13.854][verbose] GRPC Channel connectivity state changed to 2
[2024-03-04 08:59:13.859][verbose] GRPC Channel connectivity state changed to 2
[2024-03-04 09:59:13.860][verbose] GRPC Channel connectivity state changed to 2
[2024-03-04 10:59:13.870][verbose] GRPC Channel connectivity state changed to 2
[2024-03-04 11:59:13.875][verbose] GRPC Channel connectivity state changed to 2
[2024-03-04 12:59:13.878][verbose] GRPC Channel connectivity state changed to 2
[2024-03-04 13:59:13.888][verbose] GRPC Channel connectivity state changed to 2
[2024-03-04 14:59:13.891][verbose] GRPC Channel connectivity state changed to 2
[2024-03-04 15:59:13.893][verbose] GRPC Channel connectivity state changed to 2
[2024-03-04 16:59:13.899][verbose] GRPC Channel connectivity state changed to 2
[2024-03-04 17:59:13.901][verbose] GRPC Channel connectivity state changed to 2
[2024-03-04 18:59:13.902][verbose] GRPC Channel connectivity state changed to 2
[2024-03-04 19:59:13.911][verbose] GRPC Channel connectivity state changed to 2
[2024-03-04 20:59:13.916][verbose] GRPC Channel connectivity state changed to 2
[2024-03-04 21:59:13.918][verbose] GRPC Channel connectivity state changed to 2
[2024-03-04 22:59:13.924][verbose] GRPC Channel connectivity state changed to 2
[2024-03-04 23:59:13.931][verbose] GRPC Channel connectivity state changed to 2
[2024-03-05 00:59:13.932][verbose] GRPC Channel connectivity state changed to 2
[2024-03-05 01:59:13.941][verbose] GRPC Channel connectivity state changed to 2
[2024-03-05 02:59:13.946][verbose] GRPC Channel connectivity state changed to 2
[2024-03-05 03:59:13.948][verbose] GRPC Channel connectivity state changed to 2
[2024-03-05 04:59:13.955][verbose] GRPC Channel connectivity state changed to 2
[2024-03-05 05:59:13.958][verbose] GRPC Channel connectivity state changed to 2
[2024-03-05 06:59:13.960][verbose] GRPC Channel connectivity state changed to 2
[2024-03-05 07:59:13.964][verbose] GRPC Channel connectivity state changed to 2
[2024-03-05 08:59:13.970][verbose] GRPC Channel connectivity state changed to 2
[2024-03-05 09:59:13.973][verbose] GRPC Channel connectivity state changed to 2
[2024-03-05 10:59:13.983][verbose] GRPC Channel connectivity state changed to 2
[2024-03-05 11:59:13.990][verbose] GRPC Channel connectivity state changed to 2
[2024-03-05 12:59:13.992][verbose] GRPC Channel connectivity state changed to 2
[2024-03-05 13:59:14.002][verbose] GRPC Channel connectivity state changed to 2
[2024-03-05 14:59:14.008][verbose] GRPC Channel connectivity state changed to 2
[2024-03-05 15:59:14.012][verbose] GRPC Channel connectivity state changed to 2
[2024-03-05 16:59:14.022][verbose] GRPC Channel connectivity state changed to 2
[2024-03-05 17:59:14.030][verbose] GRPC Channel connectivity state changed to 2
[2024-03-05 18:59:14.031][verbose] GRPC Channel connectivity state changed to 2
[2024-03-05 19:59:14.041][verbose] GRPC Channel connectivity state changed to 2
[2024-03-05 20:59:14.047][verbose] GRPC Channel connectivity state changed to 2
[2024-03-05 21:59:14.050][verbose] GRPC Channel connectivity state changed to 2
[2024-03-05 22:59:14.060][verbose] GRPC Channel connectivity state changed to 2
[2024-03-05 23:59:14.068][verbose] GRPC Channel connectivity state changed to 2
[2024-03-06 00:59:14.072][verbose] GRPC Channel connectivity state changed to 2
[2024-03-06 01:59:14.072][verbose] GRPC Channel connectivity state changed to 2
[2024-03-06 02:59:14.080][verbose] GRPC Channel connectivity state changed to 2
[2024-03-06 03:59:14.084][verbose] GRPC Channel connectivity state changed to 2
[2024-03-06 04:59:14.085][verbose] GRPC Channel connectivity state changed to 2
[2024-03-06 05:59:14.093][verbose] GRPC Channel connectivity state changed to 2
[2024-03-06 06:59:14.098][verbose] GRPC Channel connectivity state changed to 2
[2024-03-06 07:59:14.099][verbose] GRPC Channel connectivity state changed to 2
[2024-03-06 08:59:14.107][verbose] GRPC Channel connectivity state changed to 2
[2024-03-06 09:59:14.112][verbose] GRPC Channel connectivity state changed to 2
[2024-03-06 10:59:14.114][verbose] GRPC Channel connectivity state changed to 2
[2024-03-06 11:59:14.122][verbose] GRPC Channel connectivity state changed to 2
[2024-03-06 12:59:14.127][verbose] GRPC Channel connectivity state changed to 2
[2024-03-06 13:59:14.127][verbose] GRPC Channel connectivity state changed to 2
[2024-03-06 14:59:14.135][verbose] GRPC Channel connectivity state changed to 2
[2024-03-06 15:59:14.141][verbose] GRPC Channel connectivity state changed to 2
[2024-03-06 16:59:14.143][verbose] GRPC Channel connectivity state changed to 2
[2024-03-06 17:59:14.152][verbose] GRPC Channel connectivity state changed to 2
[2024-03-06 18:59:14.156][verbose] GRPC Channel connectivity state changed to 2
[2024-03-06 19:59:14.158][verbose] GRPC Channel connectivity state changed to 2
[2024-03-06 20:59:14.167][verbose] GRPC Channel connectivity state changed to 2
[2024-03-06 21:59:14.174][verbose] GRPC Channel connectivity state changed to 2
[2024-03-06 22:59:14.176][verbose] GRPC Channel connectivity state changed to 2
[2024-03-06 23:59:14.183][verbose] GRPC Channel connectivity state changed to 2
[2024-03-07 00:59:14.188][verbose] GRPC Channel connectivity state changed to 2
[2024-03-07 01:59:14.191][verbose] GRPC Channel connectivity state changed to 2
[2024-03-07 02:59:14.199][verbose] GRPC Channel connectivity state changed to 2
[2024-03-07 03:59:14.204][verbose] GRPC Channel connectivity state changed to 2
[2024-03-07 04:59:14.207][verbose] GRPC Channel connectivity state changed to 2
[2024-03-07 05:59:14.216][verbose] GRPC Channel connectivity state changed to 2
[2024-03-07 06:59:14.223][verbose] GRPC Channel connectivity state changed to 2
[2024-03-07 07:59:14.225][verbose] GRPC Channel connectivity state changed to 2
[2024-03-07 08:59:14.235][verbose] GRPC Channel connectivity state changed to 2
[2024-03-07 09:59:14.240][verbose] GRPC Channel connectivity state changed to 2
[2024-03-07 10:59:14.242][verbose] GRPC Channel connectivity state changed to 2
[2024-03-07 11:59:14.251][verbose] GRPC Channel connectivity state changed to 2
[2024-03-07 12:59:14.257][verbose] GRPC Channel connectivity state changed to 2
[2024-03-07 13:59:14.258][verbose] GRPC Channel connectivity state changed to 2
[2024-03-07 14:59:14.268][verbose] GRPC Channel connectivity state changed to 2
[2024-03-07 15:59:14.270][verbose] GRPC Channel connectivity state changed to 2
[2024-03-07 16:59:14.271][verbose] GRPC Channel connectivity state changed to 2
[2024-03-07 17:59:14.279][verbose] GRPC Channel connectivity state changed to 2
[2024-03-07 18:59:14.286][verbose] GRPC Channel connectivity state changed to 2
[2024-03-07 19:59:14.288][verbose] GRPC Channel connectivity state changed to 2
[2024-03-07 20:59:14.297][verbose] GRPC Channel connectivity state changed to 2
[2024-03-07 21:59:14.302][verbose] GRPC Channel connectivity state changed to 2
[2024-03-07 22:59:14.305][verbose] GRPC Channel connectivity state changed to 2
[2024-03-07 23:59:14.311][verbose] GRPC Channel connectivity state changed to 2
[2024-03-08 00:59:14.314][verbose] GRPC Channel connectivity state changed to 2
[2024-03-08 01:59:14.316][verbose] GRPC Channel connectivity state changed to 2
[2024-03-08 02:59:14.324][verbose] GRPC Channel connectivity state changed to 2
[2024-03-08 03:59:14.327][verbose] GRPC Channel connectivity state changed to 2
[2024-03-08 04:59:14.329][verbose] GRPC Channel connectivity state changed to 2
[2024-03-08 05:59:14.336][verbose] GRPC Channel connectivity state changed to 2
[2024-03-08 06:59:14.338][verbose] GRPC Channel connectivity state changed to 2
[2024-03-08 07:59:14.339][verbose] GRPC Channel connectivity state changed to 2
[2024-03-08 08:59:14.345][verbose] GRPC Channel connectivity state changed to 2
[2024-03-08 09:59:14.347][verbose] GRPC Channel connectivity state changed to 2
[2024-03-08 10:59:14.358][verbose] GRPC Channel connectivity state changed to 2
[2024-03-08 11:59:14.364][verbose] GRPC Channel connectivity state changed to 2
[2024-03-08 12:59:14.366][verbose] GRPC Channel connectivity state changed to 2
[2024-03-08 13:59:14.373][verbose] GRPC Channel connectivity state changed to 2
[2024-03-08 14:59:14.380][verbose] GRPC Channel connectivity state changed to 2
[2024-03-08 15:59:14.383][verbose] GRPC Channel connectivity state changed to 2
[2024-03-08 16:59:14.389][verbose] GRPC Channel connectivity state changed to 2
[2024-03-08 17:59:14.395][verbose] GRPC Channel connectivity state changed to 2
[2024-03-08 18:59:14.397][verbose] GRPC Channel connectivity state changed to 2
[2024-03-08 19:59:14.405][verbose] GRPC Channel connectivity state changed to 2
[2024-03-08 20:59:14.411][verbose] GRPC Channel connectivity state changed to 2
[2024-03-08 21:59:14.413][verbose] GRPC Channel connectivity state changed to 2
[2024-03-08 22:59:14.420][verbose] GRPC Channel connectivity state changed to 2
[2024-03-08 23:59:14.423][verbose] GRPC Channel connectivity state changed to 2
[2024-03-09 00:59:14.423][verbose] GRPC Channel connectivity state changed to 2
[2024-03-09 01:59:14.432][verbose] GRPC Channel connectivity state changed to 2
[2024-03-09 02:59:14.435][verbose] GRPC Channel connectivity state changed to 2
[2024-03-09 03:59:14.438][verbose] GRPC Channel connectivity state changed to 2
[2024-03-09 04:59:14.445][verbose] GRPC Channel connectivity state changed to 2
[2024-03-09 05:59:14.447][verbose] GRPC Channel connectivity state changed to 2
[2024-03-09 06:59:14.450][verbose] GRPC Channel connectivity state changed to 2
[2024-03-09 07:59:14.457][verbose] GRPC Channel connectivity state changed to 2
[2024-03-09 08:59:14.460][verbose] GRPC Channel connectivity state changed to 2
[2024-03-09 09:59:14.461][verbose] GRPC Channel connectivity state changed to 2
[2024-03-09 10:59:14.470][verbose] GRPC Channel connectivity state changed to 2
[2024-03-09 11:59:14.475][verbose] GRPC Channel connectivity state changed to 2
[2024-03-09 12:59:14.476][verbose] GRPC Channel connectivity state changed to 2
[2024-03-09 13:59:14.482][verbose] GRPC Channel connectivity state changed to 2
[2024-03-09 14:59:14.484][verbose] GRPC Channel connectivity state changed to 2
[2024-03-09 15:59:14.485][verbose] GRPC Channel connectivity state changed to 2
[2024-03-09 16:59:14.491][verbose] GRPC Channel connectivity state changed to 2
[2024-03-09 17:59:14.493][verbose] GRPC Channel connectivity state changed to 2
[2024-03-09 18:59:14.493][verbose] GRPC Channel connectivity state changed to 2
[2024-03-09 19:59:14.499][verbose] GRPC Channel connectivity state changed to 2
[2024-03-09 20:59:14.502][verbose] GRPC Channel connectivity state changed to 2
[2024-03-09 21:59:14.512][verbose] GRPC Channel connectivity state changed to 2
[2024-03-09 22:59:14.518][verbose] GRPC Channel connectivity state changed to 2
[2024-03-09 23:59:14.520][verbose] GRPC Channel connectivity state changed to 2
[2024-03-10 00:59:14.530][verbose] GRPC Channel connectivity state changed to 2
[2024-03-10 01:59:14.533][verbose] GRPC Channel connectivity state changed to 2
[2024-03-10 03:59:14.537][verbose] GRPC Channel connectivity state changed to 2
[2024-03-10 04:59:14.546][verbose] GRPC Channel connectivity state changed to 2
[2024-03-10 05:59:14.552][verbose] GRPC Channel connectivity state changed to 2
[2024-03-10 06:59:14.555][verbose] GRPC Channel connectivity state changed to 2
[2024-03-10 07:59:14.562][verbose] GRPC Channel connectivity state changed to 2
[2024-03-10 08:59:14.568][verbose] GRPC Channel connectivity state changed to 2
[2024-03-10 09:59:14.571][verbose] GRPC Channel connectivity state changed to 2
[2024-03-10 10:59:14.581][verbose] GRPC Channel connectivity state changed to 2
[2024-03-10 11:59:14.596][verbose] GRPC Channel connectivity state changed to 2
[2024-03-10 12:59:14.600][verbose] GRPC Channel connectivity state changed to 2
[2024-03-10 13:59:14.619][verbose] GRPC Channel connectivity state changed to 2
[2024-03-10 14:59:14.626][verbose] GRPC Channel connectivity state changed to 2
[2024-03-10 15:59:14.630][verbose] GRPC Channel connectivity state changed to 2
[2024-03-10 16:59:14.631][verbose] GRPC Channel connectivity state changed to 2
[2024-03-10 17:59:14.647][verbose] GRPC Channel connectivity state changed to 2
[2024-03-10 18:39:51.106][info] before-quit received
[2024-03-10 18:39:51.154][info] Quit initiated
[2024-03-10 18:39:51.165][info] Unsubscribed from the daemon events
[2024-03-10 18:39:51.172][verbose] GRPC Channel connectivity state changed to 4
